[INFO ] 2024-02-14 15:46:49.397 [main] Application - Starting Application using Java 20.0.1 on NaekHr with PID 2748 (D:\workspace\spring\helloworldspringboot\target\classes started by NaekHa in D:\workspace\spring\helloworldspringboot)
[DEBUG] 2024-02-14 15:46:49.412 [main] Application - Running with Spring Boot v2.5.5, Spring v5.3.10
[INFO ] 2024-02-14 15:46:49.413 [main] Application - No active profile set, falling back to default profiles: default
[INFO ] 2024-02-14 15:46:52.020 [main] Application - Started Application in 3.231 seconds (JVM running for 4.902)
[DEBUG] 2024-02-14 15:47:32.764 [http-nio-8081-exec-1] LoggerInterceptor - ::preHandle()
[DEBUG] 2024-02-14 15:47:32.835 [http-nio-8081-exec-1] LoggerInterceptor - ::postHandle()
[DEBUG] 2024-02-14 15:47:32.840 [http-nio-8081-exec-1] LoggerInterceptor - ::afterCompletion()
[DEBUG] 2024-02-14 15:47:33.724 [http-nio-8081-exec-2] LoggerInterceptor - ::preHandle()
[DEBUG] 2024-02-14 15:47:33.728 [http-nio-8081-exec-2] LoggerInterceptor - ::postHandle()
[DEBUG] 2024-02-14 15:47:33.729 [http-nio-8081-exec-2] LoggerInterceptor - ::afterCompletion()
[DEBUG] 2024-02-14 15:47:34.530 [http-nio-8081-exec-3] LoggerInterceptor - ::preHandle()
[DEBUG] 2024-02-14 15:47:34.535 [http-nio-8081-exec-3] LoggerInterceptor - ::postHandle()
[DEBUG] 2024-02-14 15:47:34.535 [http-nio-8081-exec-3] LoggerInterceptor - ::afterCompletion()
[INFO ] 2024-02-14 16:26:05.141 [main] Application - Starting Application using Java 20.0.1 on NaekHr with PID 27644 (D:\workspace\spring\helloworldspringboot\target\classes started by NaekHa in D:\workspace\spring\helloworldspringboot)
[DEBUG] 2024-02-14 16:26:05.154 [main] Application - Running with Spring Boot v2.5.5, Spring v5.3.10
[INFO ] 2024-02-14 16:26:05.156 [main] Application - No active profile set, falling back to default profiles: default
[INFO ] 2024-02-14 16:26:07.773 [main] Application - Started Application in 3.262 seconds (JVM running for 5.036)
[DEBUG] 2024-02-14 16:26:14.516 [http-nio-8081-exec-1] LoggerInterceptor - ::preHandle()
[DEBUG] 2024-02-14 16:26:14.574 [http-nio-8081-exec-1] LoggerInterceptor - ::preHandle()
[DEBUG] 2024-02-14 16:26:14.674 [http-nio-8081-exec-2] LoggerInterceptor - ::preHandle()
[DEBUG] 2024-02-14 16:26:14.677 [http-nio-8081-exec-2] LoggerInterceptor - ::preHandle()
[INFO ] 2024-02-14 16:27:59.024 [main] Application - Starting Application using Java 20.0.1 on NaekHr with PID 36096 (D:\workspace\spring\helloworldspringboot\target\classes started by NaekHa in D:\workspace\spring\helloworldspringboot)
[DEBUG] 2024-02-14 16:27:59.038 [main] Application - Running with Spring Boot v2.5.5, Spring v5.3.10
[INFO ] 2024-02-14 16:27:59.039 [main] Application - No active profile set, falling back to default profiles: default
[INFO ] 2024-02-14 16:28:01.722 [main] Application - Started Application in 3.291 seconds (JVM running for 5.002)
[DEBUG] 2024-02-14 16:28:06.680 [http-nio-8081-exec-1] LoggerInterceptor - ::preHandle()
[DEBUG] 2024-02-14 16:28:06.749 [http-nio-8081-exec-1] LoggerInterceptor - ::postHandle()
[DEBUG] 2024-02-14 16:28:06.749 [http-nio-8081-exec-1] LoggerInterceptor - ::afterCompletion()
[DEBUG] 2024-02-14 16:29:05.180 [http-nio-8081-exec-2] LoggerInterceptor - ::preHandle()
[DEBUG] 2024-02-14 16:29:05.187 [http-nio-8081-exec-2] LoggerInterceptor - ::postHandle()
[DEBUG] 2024-02-14 16:29:05.187 [http-nio-8081-exec-2] LoggerInterceptor - ::afterCompletion()
[INFO ] 2024-02-14 16:42:38.906 [main] Application - Starting Application using Java 20.0.1 on NaekHr with PID 9036 (D:\workspace\spring\helloworldspringboot\target\classes started by NaekHa in D:\workspace\spring\helloworldspringboot)
[DEBUG] 2024-02-14 16:42:38.917 [main] Application - Running with Spring Boot v2.5.5, Spring v5.3.10
[INFO ] 2024-02-14 16:42:38.919 [main] Application - No active profile set, falling back to default profiles: default
[INFO ] 2024-02-14 16:42:41.503 [main] Application - Started Application in 3.165 seconds (JVM running for 4.787)
[INFO ] 2024-02-14 16:42:50.771 [http-nio-8081-exec-1] RequestResponseLoggingFilter - Logging Request  GET : /
[INFO ] 2024-02-14 16:42:50.772 [http-nio-8081-exec-1] RequestResponseLoggingFilter - Logging Response :null
[INFO ] 2024-02-14 16:43:12.679 [http-nio-8081-exec-2] RequestResponseLoggingFilter - Logging Request  GET : /
[INFO ] 2024-02-14 16:43:12.679 [http-nio-8081-exec-2] RequestResponseLoggingFilter - Logging Response :null
[INFO ] 2024-02-14 16:43:32.963 [http-nio-8081-exec-3] RequestResponseLoggingFilter - Logging Request  GET : /
[INFO ] 2024-02-14 16:43:32.966 [http-nio-8081-exec-3] RequestResponseLoggingFilter - Logging Response :null
[INFO ] 2024-02-14 16:43:55.072 [main] Application - Starting Application using Java 20.0.1 on NaekHr with PID 14716 (D:\workspace\spring\helloworldspringboot\target\classes started by NaekHa in D:\workspace\spring\helloworldspringboot)
[DEBUG] 2024-02-14 16:43:55.086 [main] Application - Running with Spring Boot v2.5.5, Spring v5.3.10
[INFO ] 2024-02-14 16:43:55.088 [main] Application - No active profile set, falling back to default profiles: default
[INFO ] 2024-02-14 16:43:57.580 [main] Application - Started Application in 3.076 seconds (JVM running for 4.727)
[INFO ] 2024-02-14 16:44:05.863 [http-nio-8081-exec-1] RequestResponseLoggingFilter - Logging Request  GET : /
[INFO ] 2024-02-14 16:44:05.863 [http-nio-8081-exec-1] RequestResponseLoggingFilter - Logging Response :null
[INFO ] 2024-02-14 16:44:09.049 [http-nio-8081-exec-2] RequestResponseLoggingFilter - Logging Request  GET : /
[INFO ] 2024-02-14 16:44:09.049 [http-nio-8081-exec-2] RequestResponseLoggingFilter - Logging Response :null
[INFO ] 2024-02-14 16:44:35.782 [http-nio-8081-exec-3] RequestResponseLoggingFilter - Logging Request  GET : /
[INFO ] 2024-02-14 16:44:35.782 [http-nio-8081-exec-3] RequestResponseLoggingFilter - Logging Response :null
[INFO ] 2024-02-14 16:45:03.986 [http-nio-8081-exec-4] RequestResponseLoggingFilter - Logging Request  GET : /
[INFO ] 2024-02-14 16:45:03.987 [http-nio-8081-exec-4] RequestResponseLoggingFilter - Logging Response :null
[INFO ] 2024-02-14 16:45:24.271 [http-nio-8081-exec-5] RequestResponseLoggingFilter - Logging Request  GET : /
[INFO ] 2024-02-14 16:45:24.273 [http-nio-8081-exec-5] RequestResponseLoggingFilter - Logging Response :null
[INFO ] 2024-02-14 16:46:17.979 [main] Application - Starting Application using Java 20.0.1 on NaekHr with PID 28704 (D:\workspace\spring\helloworldspringboot\target\classes started by NaekHa in D:\workspace\spring\helloworldspringboot)
[DEBUG] 2024-02-14 16:46:17.992 [main] Application - Running with Spring Boot v2.5.5, Spring v5.3.10
[INFO ] 2024-02-14 16:46:17.993 [main] Application - No active profile set, falling back to default profiles: default
[INFO ] 2024-02-14 16:46:20.950 [main] Application - Started Application in 3.587 seconds (JVM running for 5.256)
[INFO ] 2024-02-14 16:46:34.243 [http-nio-8081-exec-1] RequestResponseLoggingFilter - Logging Request  GET : /
[INFO ] 2024-02-14 16:46:34.244 [http-nio-8081-exec-1] RequestResponseLoggingFilter - Logging Response :null
[INFO ] 2024-02-14 16:46:39.874 [http-nio-8081-exec-2] RequestResponseLoggingFilter - Logging Request  GET : /
[INFO ] 2024-02-14 16:46:39.875 [http-nio-8081-exec-2] RequestResponseLoggingFilter - Logging Response :null
[INFO ] 2024-02-14 16:46:46.099 [http-nio-8081-exec-3] RequestResponseLoggingFilter - Logging Request  GET : /
[DEBUG] 2024-02-14 16:46:46.116 [http-nio-8081-exec-3] AppContextInterceptor - ::preHandle()
[DEBUG] 2024-02-14 16:46:46.195 [http-nio-8081-exec-3] AppContextInterceptor - ::postHandle()
[DEBUG] 2024-02-14 16:46:46.196 [http-nio-8081-exec-3] AppContextInterceptor - ::afterCompletion()
[INFO ] 2024-02-14 16:46:46.196 [http-nio-8081-exec-3] RequestResponseLoggingFilter - Logging Response :application/json
[INFO ] 2024-02-14 16:47:03.872 [http-nio-8081-exec-4] RequestResponseLoggingFilter - Logging Request  GET : /
[INFO ] 2024-02-14 16:47:03.873 [http-nio-8081-exec-4] RequestResponseLoggingFilter - Logging Response :null
[INFO ] 2024-02-14 16:47:25.793 [http-nio-8081-exec-5] RequestResponseLoggingFilter - Logging Request  GET : /
[DEBUG] 2024-02-14 16:47:25.793 [http-nio-8081-exec-5] AppContextInterceptor - ::preHandle()
[DEBUG] 2024-02-14 16:47:25.796 [http-nio-8081-exec-5] AppContextInterceptor - ::postHandle()
[DEBUG] 2024-02-14 16:47:25.796 [http-nio-8081-exec-5] AppContextInterceptor - ::afterCompletion()
[INFO ] 2024-02-14 16:47:25.796 [http-nio-8081-exec-5] RequestResponseLoggingFilter - Logging Response :application/json
